<?xml version="1.0" encoding="UTF-8"?>
<!-- Generated by org.testng.reporters.JUnitXMLReporter -->
<testsuite hostname="DESKTOP-4IQHI62" name="Wooplr_Look Testscripts - Sanity" tests="5" failures="0" timestamp="25 Nov 2016 13:38:14 GMT" time="17.798" errors="0">
  <testcase name="postFashionLook" time="8.169" classname="com.wooplr.fashionlook.test.FashionLookTestPlan"/>
  <testcase name="postFashionLook" time="3.373" classname="com.wooplr.fashionlook.test.FashionLookTestPlan"/>
  <testcase name="postFashionLook" time="2.254" classname="com.wooplr.fashionlook.test.FashionLookTestPlan"/>
  <testcase name="postFashionLook" time="1.914" classname="com.wooplr.fashionlook.test.FashionLookTestPlan"/>
  <testcase name="postFashionLook" time="1.985" classname="com.wooplr.fashionlook.test.FashionLookTestPlan"/>
</testsuite> <!-- Wooplr_Look Testscripts - Sanity -->
