<?xml version="1.0" encoding="UTF-8"?>
<!-- Generated by org.testng.reporters.JUnitXMLReporter -->
<testsuite hostname="DESKTOP-4IQHI62" name="Wooplr_Challenge Testscripts - Sanity" tests="1" failures="1" timestamp="14 Dec 2016 11:47:52 GMT" time="6.774" errors="0">
  <testcase name="challengeFlowTest" time="6.717" classname="com.wooplr.challenge.test.ChallengeTestPlan">
    <failure type="java.lang.AssertionError" message="ListAdminReviews is giving response as null !! expected object to not be null">
      <![CDATA[java.lang.AssertionError: ListAdminReviews is giving response as null !! expected object to not be null
	at com.wooplr.challenge.test.ChallengeTestPlan.challengeFlowTest(ChallengeTestPlan.java:245)
	at java.util.concurrent.FutureTask.run(Unknown Source)
	at java.util.concurrent.ThreadPoolExecutor.runWorker(Unknown Source)
	at java.util.concurrent.ThreadPoolExecutor$Worker.run(Unknown Source)
	at java.lang.Thread.run(Unknown Source)
... Removed 18 stack frames]]>
    </failure>
  </testcase> <!-- challengeFlowTest -->
</testsuite> <!-- Wooplr_Challenge Testscripts - Sanity -->
