<?xml version="1.0" encoding="UTF-8"?>
<!-- Generated by org.testng.reporters.JUnitXMLReporter -->
<testsuite hostname="DESKTOP-4IQHI62" name="EcomProduct Testscripts - Sanity" tests="19" failures="4" timestamp="1 Dec 2016 13:50:50 GMT" time="58.401" errors="0">
  <testcase name="createProduct" time="5.948" classname="com.wooplr.ecomproduct.test.EcomProductTestPlan"/>
  <testcase name="createProduct" time="6.208" classname="com.wooplr.ecomproduct.test.EcomProductTestPlan"/>
  <testcase name="createProduct" time="3.606" classname="com.wooplr.ecomproduct.test.EcomProductTestPlan"/>
  <testcase name="createProduct" time="2.554" classname="com.wooplr.ecomproduct.test.EcomProductTestPlan"/>
  <testcase name="createProduct" time="2.245" classname="com.wooplr.ecomproduct.test.EcomProductTestPlan"/>
  <testcase name="deleteProduct" time="2.426" classname="com.wooplr.ecomproduct.test.EcomProductTestPlan"/>
  <testcase name="getByInvalidProductId" time="0.412" classname="com.wooplr.ecomproduct.test.EcomProductTestPlan"/>
  <testcase name="getProduct" time="2.669" classname="com.wooplr.ecomproduct.test.EcomProductTestPlan"/>
  <testcase name="updateProduct" time="3.67" classname="com.wooplr.ecomproduct.test.EcomProductTestPlan"/>
  <testcase name="updateProduct" time="3.416" classname="com.wooplr.ecomproduct.test.EcomProductTestPlan"/>
  <testcase name="updateProduct" time="3.198" classname="com.wooplr.ecomproduct.test.EcomProductTestPlan"/>
  <testcase name="updateProduct" time="1.86" classname="com.wooplr.ecomproduct.test.EcomProductTestPlan">
    <failure type="java.lang.AssertionError" message="Showing wrong Gender in response !! expected [male] but found [female]">
      <![CDATA[java.lang.AssertionError: Showing wrong Gender in response !! expected [male] but found [female]
	at com.wooplr.ecomproduct.test.EcomProductHelper.validateCreatedProduct(EcomProductHelper.java:157)
	at com.wooplr.ecomproduct.test.EcomProductTestPlan.updateProduct(EcomProductTestPlan.java:115)
	at java.util.concurrent.FutureTask.run(Unknown Source)
	at java.util.concurrent.ThreadPoolExecutor.runWorker(Unknown Source)
	at java.util.concurrent.ThreadPoolExecutor$Worker.run(Unknown Source)
	at java.lang.Thread.run(Unknown Source)
... Removed 20 stack frames]]>
    </failure>
  </testcase> <!-- updateProduct -->
  <testcase name="updateProduct" time="1.865" classname="com.wooplr.ecomproduct.test.EcomProductTestPlan">
    <failure type="java.lang.AssertionError" message="Showing wrong Gender in response !! expected [male] but found [female]">
      <![CDATA[java.lang.AssertionError: Showing wrong Gender in response !! expected [male] but found [female]
	at com.wooplr.ecomproduct.test.EcomProductHelper.validateCreatedProduct(EcomProductHelper.java:157)
	at com.wooplr.ecomproduct.test.EcomProductTestPlan.updateProduct(EcomProductTestPlan.java:115)
	at java.util.concurrent.FutureTask.run(Unknown Source)
	at java.util.concurrent.ThreadPoolExecutor.runWorker(Unknown Source)
	at java.util.concurrent.ThreadPoolExecutor$Worker.run(Unknown Source)
	at java.lang.Thread.run(Unknown Source)
... Removed 20 stack frames]]>
    </failure>
  </testcase> <!-- updateProduct -->
  <testcase name="updateProduct" time="3.839" classname="com.wooplr.ecomproduct.test.EcomProductTestPlan"/>
  <testcase name="updateProduct" time="5.16" classname="com.wooplr.ecomproduct.test.EcomProductTestPlan"/>
  <testcase name="updateProduct" time="3.212" classname="com.wooplr.ecomproduct.test.EcomProductTestPlan"/>
  <testcase name="updateProduct" time="4.182" classname="com.wooplr.ecomproduct.test.EcomProductTestPlan"/>
  <testcase name="updateSkuDetails" time="0.738" classname="com.wooplr.ecomproduct.test.EcomProductTestPlan">
    <failure type="java.util.ConcurrentModificationException">
      <![CDATA[java.util.ConcurrentModificationException
	at java.util.ArrayList$Itr.checkForComodification(Unknown Source)
	at java.util.ArrayList$Itr.next(Unknown Source)
	at com.wooplr.ecomproduct.test.EcomProductTestPlan.updateSkuDetails(EcomProductTestPlan.java:153)
	at java.util.concurrent.FutureTask.run(Unknown Source)
	at java.util.concurrent.ThreadPoolExecutor.runWorker(Unknown Source)
	at java.util.concurrent.ThreadPoolExecutor$Worker.run(Unknown Source)
	at java.lang.Thread.run(Unknown Source)
... Removed 16 stack frames]]>
    </failure>
  </testcase> <!-- updateSkuDetails -->
  <testcase name="updateSkuDetails" time="0.858" classname="com.wooplr.ecomproduct.test.EcomProductTestPlan">
    <failure type="java.util.ConcurrentModificationException">
      <![CDATA[java.util.ConcurrentModificationException
	at java.util.ArrayList$Itr.checkForComodification(Unknown Source)
	at java.util.ArrayList$Itr.next(Unknown Source)
	at com.wooplr.ecomproduct.test.EcomProductTestPlan.updateSkuDetails(EcomProductTestPlan.java:153)
	at java.util.concurrent.FutureTask.run(Unknown Source)
	at java.util.concurrent.ThreadPoolExecutor.runWorker(Unknown Source)
	at java.util.concurrent.ThreadPoolExecutor$Worker.run(Unknown Source)
	at java.lang.Thread.run(Unknown Source)
... Removed 16 stack frames]]>
    </failure>
  </testcase> <!-- updateSkuDetails -->
</testsuite> <!-- EcomProduct Testscripts - Sanity -->
