<?xml version="1.0" encoding="UTF-8"?>
<!-- Generated by org.testng.reporters.JUnitXMLReporter -->
<testsuite hostname="DESKTOP-4IQHI62" name="Wooplr_Collection Testscripts - Sanity" tests="18" failures="0" timestamp="1 Dec 2016 13:54:00 GMT" time="248.209" errors="0">
  <testcase name="createCollection" time="11.201" classname="com.wooplr.collection.test.CollectionTestPlan"/>
  <testcase name="createCollection" time="7.167" classname="com.wooplr.collection.test.CollectionTestPlan"/>
  <testcase name="createCollection" time="6.456" classname="com.wooplr.collection.test.CollectionTestPlan"/>
  <testcase name="createCollection" time="6.62" classname="com.wooplr.collection.test.CollectionTestPlan"/>
  <testcase name="createCollection" time="6.26" classname="com.wooplr.collection.test.CollectionTestPlan"/>
  <testcase name="createCollection" time="6.312" classname="com.wooplr.collection.test.CollectionTestPlan"/>
  <testcase name="createCollection" time="6.847" classname="com.wooplr.collection.test.CollectionTestPlan"/>
  <testcase name="deleteCollection" time="12.838" classname="com.wooplr.collection.test.CollectionTestPlan"/>
  <testcase name="getByInvalidCollectionID" time="1.214" classname="com.wooplr.collection.test.CollectionTestPlan"/>
  <testcase name="getCollection" time="6.226" classname="com.wooplr.collection.test.CollectionTestPlan"/>
  <testcase name="updateCollection" time="34.629" classname="com.wooplr.collection.test.CollectionTestPlan"/>
  <testcase name="updateCollection" time="21.691" classname="com.wooplr.collection.test.CollectionTestPlan"/>
  <testcase name="updateCollection" time="21.565" classname="com.wooplr.collection.test.CollectionTestPlan"/>
  <testcase name="updateCollection" time="19.119" classname="com.wooplr.collection.test.CollectionTestPlan"/>
  <testcase name="updateCollection" time="18.846" classname="com.wooplr.collection.test.CollectionTestPlan"/>
  <testcase name="updateCollection" time="22.546" classname="com.wooplr.collection.test.CollectionTestPlan"/>
  <testcase name="updateCollection" time="18.558" classname="com.wooplr.collection.test.CollectionTestPlan"/>
  <testcase name="updateCollection" time="19.903" classname="com.wooplr.collection.test.CollectionTestPlan"/>
</testsuite> <!-- Wooplr_Collection Testscripts - Sanity -->
