<?xml version="1.0" encoding="UTF-8"?>
<!-- Generated by org.testng.reporters.JUnitXMLReporter -->
<testsuite hostname="DESKTOP-4IQHI62" name="Wooplr_Look Testscripts - Sanity" tests="8" failures="0" timestamp="1 Dec 2016 13:50:13 GMT" time="21.083" errors="0">
  <testcase name="deleteFashionLook" time="6.973" classname="com.wooplr.fashionlook.test.FashionLookTestPlan"/>
  <testcase name="getFashionLookById" time="7.091" classname="com.wooplr.fashionlook.test.FashionLookTestPlan"/>
  <testcase name="getFashionLookByInvalidId" time="0.601" classname="com.wooplr.fashionlook.test.FashionLookTestPlan"/>
  <testcase name="postFashionLook" time="1.239" classname="com.wooplr.fashionlook.test.FashionLookTestPlan"/>
  <testcase name="postFashionLook" time="1.548" classname="com.wooplr.fashionlook.test.FashionLookTestPlan"/>
  <testcase name="postFashionLook" time="1.416" classname="com.wooplr.fashionlook.test.FashionLookTestPlan"/>
  <testcase name="postFashionLook" time="1.008" classname="com.wooplr.fashionlook.test.FashionLookTestPlan"/>
  <testcase name="postFashionLook" time="1.036" classname="com.wooplr.fashionlook.test.FashionLookTestPlan"/>
</testsuite> <!-- Wooplr_Look Testscripts - Sanity -->
