<?xml version="1.0" encoding="UTF-8"?>
<!-- Generated by org.testng.reporters.JUnitXMLReporter -->
<testsuite hostname="DESKTOP-4IQHI62" name="Wooplr_Challenge Testscripts - Sanity" tests="33" failures="4" timestamp="1 Dec 2016 13:50:57 GMT" time="65.013" errors="0">
  <testcase name="createChallenge" time="3.481" classname="com.wooplr.challenge.test.ChallengeTestPlan"/>
  <testcase name="createChallenge" time="1.131" classname="com.wooplr.challenge.test.ChallengeTestPlan"/>
  <testcase name="createChallenge" time="1.092" classname="com.wooplr.challenge.test.ChallengeTestPlan"/>
  <testcase name="createChallenge" time="1.172" classname="com.wooplr.challenge.test.ChallengeTestPlan"/>
  <testcase name="createChallenge" time="1.368" classname="com.wooplr.challenge.test.ChallengeTestPlan"/>
  <testcase name="createChallenge" time="1.174" classname="com.wooplr.challenge.test.ChallengeTestPlan"/>
  <testcase name="createChallenge" time="1.112" classname="com.wooplr.challenge.test.ChallengeTestPlan"/>
  <testcase name="createChallenge" time="1.866" classname="com.wooplr.challenge.test.ChallengeTestPlan"/>
  <testcase name="createChallenge" time="1.063" classname="com.wooplr.challenge.test.ChallengeTestPlan"/>
  <testcase name="createChallenge" time="1.121" classname="com.wooplr.challenge.test.ChallengeTestPlan"/>
  <testcase name="createChallenge" time="1.055" classname="com.wooplr.challenge.test.ChallengeTestPlan"/>
  <testcase name="createChallenge" time="1.72" classname="com.wooplr.challenge.test.ChallengeTestPlan"/>
  <testcase name="createChallenge" time="1.06" classname="com.wooplr.challenge.test.ChallengeTestPlan"/>
  <testcase name="createChallenge" time="0.901" classname="com.wooplr.challenge.test.ChallengeTestPlan"/>
  <testcase name="createChallenge" time="1.105" classname="com.wooplr.challenge.test.ChallengeTestPlan"/>
  <testcase name="deleteChallenge" time="1.624" classname="com.wooplr.challenge.test.ChallengeTestPlan"/>
  <testcase name="getChallenge" time="1.785" classname="com.wooplr.challenge.test.ChallengeTestPlan"/>
  <testcase name="listChallenge" time="7.193" classname="com.wooplr.challenge.test.ChallengeTestPlan"/>
  <testcase name="makeChallengeLive" time="2.957" classname="com.wooplr.challenge.test.ChallengeTestPlan">
    <failure type="java.lang.AssertionError" message="ChallengeType is showing as null in response !! expected object to not be null">
      <![CDATA[java.lang.AssertionError: ChallengeType is showing as null in response !! expected object to not be null
	at com.wooplr.challenge.test.ChallengeHelper.validatechallenge(ChallengeHelper.java:31)
	at com.wooplr.challenge.test.ChallengeTestPlan.makeChallengeLive(ChallengeTestPlan.java:121)
	at java.util.concurrent.FutureTask.run(Unknown Source)
	at java.util.concurrent.ThreadPoolExecutor.runWorker(Unknown Source)
	at java.util.concurrent.ThreadPoolExecutor$Worker.run(Unknown Source)
	at java.lang.Thread.run(Unknown Source)
... Removed 18 stack frames]]>
    </failure>
  </testcase> <!-- makeChallengeLive -->
  <testcase name="makeChallengeLive" time="2.071" classname="com.wooplr.challenge.test.ChallengeTestPlan">
    <failure type="java.lang.AssertionError" message="ChallengeType is showing as null in response !! expected object to not be null">
      <![CDATA[java.lang.AssertionError: ChallengeType is showing as null in response !! expected object to not be null
	at com.wooplr.challenge.test.ChallengeHelper.validatechallenge(ChallengeHelper.java:31)
	at com.wooplr.challenge.test.ChallengeTestPlan.makeChallengeLive(ChallengeTestPlan.java:121)
	at java.util.concurrent.FutureTask.run(Unknown Source)
	at java.util.concurrent.ThreadPoolExecutor.runWorker(Unknown Source)
	at java.util.concurrent.ThreadPoolExecutor$Worker.run(Unknown Source)
	at java.lang.Thread.run(Unknown Source)
... Removed 18 stack frames]]>
    </failure>
  </testcase> <!-- makeChallengeLive -->
  <testcase name="makeChallengeLive" time="2.047" classname="com.wooplr.challenge.test.ChallengeTestPlan">
    <failure type="java.lang.AssertionError" message="ChallengeType is showing as null in response !! expected object to not be null">
      <![CDATA[java.lang.AssertionError: ChallengeType is showing as null in response !! expected object to not be null
	at com.wooplr.challenge.test.ChallengeHelper.validatechallenge(ChallengeHelper.java:31)
	at com.wooplr.challenge.test.ChallengeTestPlan.makeChallengeLive(ChallengeTestPlan.java:121)
	at java.util.concurrent.FutureTask.run(Unknown Source)
	at java.util.concurrent.ThreadPoolExecutor.runWorker(Unknown Source)
	at java.util.concurrent.ThreadPoolExecutor$Worker.run(Unknown Source)
	at java.lang.Thread.run(Unknown Source)
... Removed 18 stack frames]]>
    </failure>
  </testcase> <!-- makeChallengeLive -->
  <testcase name="makeChallengeLive" time="2.027" classname="com.wooplr.challenge.test.ChallengeTestPlan">
    <failure type="java.lang.AssertionError" message="ChallengeType is showing as null in response !! expected object to not be null">
      <![CDATA[java.lang.AssertionError: ChallengeType is showing as null in response !! expected object to not be null
	at com.wooplr.challenge.test.ChallengeHelper.validatechallenge(ChallengeHelper.java:31)
	at com.wooplr.challenge.test.ChallengeTestPlan.makeChallengeLive(ChallengeTestPlan.java:121)
	at java.util.concurrent.FutureTask.run(Unknown Source)
	at java.util.concurrent.ThreadPoolExecutor.runWorker(Unknown Source)
	at java.util.concurrent.ThreadPoolExecutor$Worker.run(Unknown Source)
	at java.lang.Thread.run(Unknown Source)
... Removed 18 stack frames]]>
    </failure>
  </testcase> <!-- makeChallengeLive -->
  <testcase name="updateChallenge" time="2.236" classname="com.wooplr.challenge.test.ChallengeTestPlan"/>
  <testcase name="updateChallenge" time="2.706" classname="com.wooplr.challenge.test.ChallengeTestPlan"/>
  <testcase name="updateChallenge" time="2.987" classname="com.wooplr.challenge.test.ChallengeTestPlan"/>
  <testcase name="updateChallenge" time="2.86" classname="com.wooplr.challenge.test.ChallengeTestPlan"/>
  <testcase name="updateChallenge" time="1.894" classname="com.wooplr.challenge.test.ChallengeTestPlan"/>
  <testcase name="updateChallenge" time="2.145" classname="com.wooplr.challenge.test.ChallengeTestPlan"/>
  <testcase name="updateChallenge" time="2.18" classname="com.wooplr.challenge.test.ChallengeTestPlan"/>
  <testcase name="updateChallenge" time="1.89" classname="com.wooplr.challenge.test.ChallengeTestPlan"/>
  <testcase name="updateChallenge" time="1.851" classname="com.wooplr.challenge.test.ChallengeTestPlan"/>
  <testcase name="updateChallenge" time="1.813" classname="com.wooplr.challenge.test.ChallengeTestPlan"/>
  <testcase name="validateListChallenge" time="1.89" classname="com.wooplr.challenge.test.ChallengeTestPlan"/>
</testsuite> <!-- Wooplr_Challenge Testscripts - Sanity -->
