<?xml version="1.0" encoding="UTF-8"?>
<!-- Generated by org.testng.reporters.JUnitXMLReporter -->
<testsuite hostname="DESKTOP-4IQHI62" name="EcomProduct Testscripts - Sanity" tests="1" failures="1" timestamp="29 Nov 2016 06:27:43 GMT" time="40.5" errors="0">
  <testcase name="updateSkuDetails" time="40.46" classname="com.wooplr.ecomproduct.test.EcomProductTestPlan">
    <failure type="java.util.ConcurrentModificationException">
      <![CDATA[java.util.ConcurrentModificationException
	at java.util.ArrayList$Itr.checkForComodification(Unknown Source)
	at java.util.ArrayList$Itr.next(Unknown Source)
	at com.wooplr.ecomproduct.test.EcomProductTestPlan.updateSkuDetails(EcomProductTestPlan.java:153)
	at java.util.concurrent.FutureTask.run(Unknown Source)
	at java.util.concurrent.ThreadPoolExecutor.runWorker(Unknown Source)
	at java.util.concurrent.ThreadPoolExecutor$Worker.run(Unknown Source)
	at java.lang.Thread.run(Unknown Source)
... Removed 16 stack frames]]>
    </failure>
  </testcase> <!-- updateSkuDetails -->
</testsuite> <!-- EcomProduct Testscripts - Sanity -->
