<?xml version="1.0" encoding="UTF-8"?>
<!-- Generated by org.testng.reporters.JUnitXMLReporter -->
<testsuite hostname="DESKTOP-4IQHI62" name="Wooplr_Challenge Testscripts - Sanity" tests="33" failures="4" timestamp="2 Dec 2016 10:11:47 GMT" time="130.991" errors="0">
  <testcase name="createChallenge" time="8.196" classname="com.wooplr.challenge.test.ChallengeTestPlan"/>
  <testcase name="createChallenge" time="2.877" classname="com.wooplr.challenge.test.ChallengeTestPlan"/>
  <testcase name="createChallenge" time="8.535" classname="com.wooplr.challenge.test.ChallengeTestPlan"/>
  <testcase name="createChallenge" time="1.956" classname="com.wooplr.challenge.test.ChallengeTestPlan"/>
  <testcase name="createChallenge" time="2.96" classname="com.wooplr.challenge.test.ChallengeTestPlan"/>
  <testcase name="createChallenge" time="3.265" classname="com.wooplr.challenge.test.ChallengeTestPlan"/>
  <testcase name="createChallenge" time="2.1" classname="com.wooplr.challenge.test.ChallengeTestPlan"/>
  <testcase name="createChallenge" time="2.246" classname="com.wooplr.challenge.test.ChallengeTestPlan"/>
  <testcase name="createChallenge" time="1.186" classname="com.wooplr.challenge.test.ChallengeTestPlan"/>
  <testcase name="createChallenge" time="4.608" classname="com.wooplr.challenge.test.ChallengeTestPlan"/>
  <testcase name="createChallenge" time="7.648" classname="com.wooplr.challenge.test.ChallengeTestPlan"/>
  <testcase name="createChallenge" time="1.812" classname="com.wooplr.challenge.test.ChallengeTestPlan"/>
  <testcase name="createChallenge" time="2.369" classname="com.wooplr.challenge.test.ChallengeTestPlan"/>
  <testcase name="createChallenge" time="1.941" classname="com.wooplr.challenge.test.ChallengeTestPlan"/>
  <testcase name="createChallenge" time="1.256" classname="com.wooplr.challenge.test.ChallengeTestPlan"/>
  <testcase name="deleteChallenge" time="2.383" classname="com.wooplr.challenge.test.ChallengeTestPlan"/>
  <testcase name="getChallenge" time="1.978" classname="com.wooplr.challenge.test.ChallengeTestPlan"/>
  <testcase name="listChallenge" time="17.374" classname="com.wooplr.challenge.test.ChallengeTestPlan"/>
  <testcase name="makeChallengeLive" time="2.812" classname="com.wooplr.challenge.test.ChallengeTestPlan">
    <failure type="java.lang.AssertionError" message="ChallengeType is showing as null in response !! expected object to not be null">
      <![CDATA[java.lang.AssertionError: ChallengeType is showing as null in response !! expected object to not be null
	at com.wooplr.challenge.test.ChallengeHelper.validatechallenge(ChallengeHelper.java:31)
	at com.wooplr.challenge.test.ChallengeTestPlan.makeChallengeLive(ChallengeTestPlan.java:121)
	at java.util.concurrent.FutureTask.run(Unknown Source)
	at java.util.concurrent.ThreadPoolExecutor.runWorker(Unknown Source)
	at java.util.concurrent.ThreadPoolExecutor$Worker.run(Unknown Source)
	at java.lang.Thread.run(Unknown Source)
... Removed 18 stack frames]]>
    </failure>
  </testcase> <!-- makeChallengeLive -->
  <testcase name="makeChallengeLive" time="2.908" classname="com.wooplr.challenge.test.ChallengeTestPlan">
    <failure type="java.lang.AssertionError" message="ChallengeType is showing as null in response !! expected object to not be null">
      <![CDATA[java.lang.AssertionError: ChallengeType is showing as null in response !! expected object to not be null
	at com.wooplr.challenge.test.ChallengeHelper.validatechallenge(ChallengeHelper.java:31)
	at com.wooplr.challenge.test.ChallengeTestPlan.makeChallengeLive(ChallengeTestPlan.java:121)
	at java.util.concurrent.FutureTask.run(Unknown Source)
	at java.util.concurrent.ThreadPoolExecutor.runWorker(Unknown Source)
	at java.util.concurrent.ThreadPoolExecutor$Worker.run(Unknown Source)
	at java.lang.Thread.run(Unknown Source)
... Removed 18 stack frames]]>
    </failure>
  </testcase> <!-- makeChallengeLive -->
  <testcase name="makeChallengeLive" time="3.331" classname="com.wooplr.challenge.test.ChallengeTestPlan">
    <failure type="java.lang.AssertionError" message="ChallengeType is showing as null in response !! expected object to not be null">
      <![CDATA[java.lang.AssertionError: ChallengeType is showing as null in response !! expected object to not be null
	at com.wooplr.challenge.test.ChallengeHelper.validatechallenge(ChallengeHelper.java:31)
	at com.wooplr.challenge.test.ChallengeTestPlan.makeChallengeLive(ChallengeTestPlan.java:121)
	at java.util.concurrent.FutureTask.run(Unknown Source)
	at java.util.concurrent.ThreadPoolExecutor.runWorker(Unknown Source)
	at java.util.concurrent.ThreadPoolExecutor$Worker.run(Unknown Source)
	at java.lang.Thread.run(Unknown Source)
... Removed 18 stack frames]]>
    </failure>
  </testcase> <!-- makeChallengeLive -->
  <testcase name="makeChallengeLive" time="2.463" classname="com.wooplr.challenge.test.ChallengeTestPlan">
    <failure type="java.lang.AssertionError" message="ChallengeType is showing as null in response !! expected object to not be null">
      <![CDATA[java.lang.AssertionError: ChallengeType is showing as null in response !! expected object to not be null
	at com.wooplr.challenge.test.ChallengeHelper.validatechallenge(ChallengeHelper.java:31)
	at com.wooplr.challenge.test.ChallengeTestPlan.makeChallengeLive(ChallengeTestPlan.java:121)
	at java.util.concurrent.FutureTask.run(Unknown Source)
	at java.util.concurrent.ThreadPoolExecutor.runWorker(Unknown Source)
	at java.util.concurrent.ThreadPoolExecutor$Worker.run(Unknown Source)
	at java.lang.Thread.run(Unknown Source)
... Removed 18 stack frames]]>
    </failure>
  </testcase> <!-- makeChallengeLive -->
  <testcase name="updateChallenge" time="4.045" classname="com.wooplr.challenge.test.ChallengeTestPlan"/>
  <testcase name="updateChallenge" time="4.008" classname="com.wooplr.challenge.test.ChallengeTestPlan"/>
  <testcase name="updateChallenge" time="3.077" classname="com.wooplr.challenge.test.ChallengeTestPlan"/>
  <testcase name="updateChallenge" time="6.402" classname="com.wooplr.challenge.test.ChallengeTestPlan"/>
  <testcase name="updateChallenge" time="3.351" classname="com.wooplr.challenge.test.ChallengeTestPlan"/>
  <testcase name="updateChallenge" time="3.787" classname="com.wooplr.challenge.test.ChallengeTestPlan"/>
  <testcase name="updateChallenge" time="2.163" classname="com.wooplr.challenge.test.ChallengeTestPlan"/>
  <testcase name="updateChallenge" time="3.499" classname="com.wooplr.challenge.test.ChallengeTestPlan"/>
  <testcase name="updateChallenge" time="5.33" classname="com.wooplr.challenge.test.ChallengeTestPlan"/>
  <testcase name="updateChallenge" time="3.067" classname="com.wooplr.challenge.test.ChallengeTestPlan"/>
  <testcase name="validateListChallenge" time="5.509" classname="com.wooplr.challenge.test.ChallengeTestPlan"/>
</testsuite> <!-- Wooplr_Challenge Testscripts - Sanity -->
