<?xml version="1.0" encoding="UTF-8"?>
<!-- Generated by org.testng.reporters.JUnitXMLReporter -->
<testsuite hostname="DESKTOP-4IQHI62" name="Wooplr_Look Testscripts - Sanity" tests="8" failures="0" timestamp="2 Dec 2016 10:10:15 GMT" time="39.079" errors="0">
  <testcase name="deleteFashionLook" time="14.72" classname="com.wooplr.fashionlook.test.FashionLookTestPlan"/>
  <testcase name="getFashionLookById" time="6.592" classname="com.wooplr.fashionlook.test.FashionLookTestPlan"/>
  <testcase name="getFashionLookByInvalidId" time="1.235" classname="com.wooplr.fashionlook.test.FashionLookTestPlan"/>
  <testcase name="postFashionLook" time="2.163" classname="com.wooplr.fashionlook.test.FashionLookTestPlan"/>
  <testcase name="postFashionLook" time="4.238" classname="com.wooplr.fashionlook.test.FashionLookTestPlan"/>
  <testcase name="postFashionLook" time="4.015" classname="com.wooplr.fashionlook.test.FashionLookTestPlan"/>
  <testcase name="postFashionLook" time="2.205" classname="com.wooplr.fashionlook.test.FashionLookTestPlan"/>
  <testcase name="postFashionLook" time="3.638" classname="com.wooplr.fashionlook.test.FashionLookTestPlan"/>
</testsuite> <!-- Wooplr_Look Testscripts - Sanity -->
