<?xml version="1.0" encoding="UTF-8"?>
<!-- Generated by org.testng.reporters.JUnitXMLReporter -->
<testsuite hostname="DESKTOP-4IQHI62" name="Wooplr_Collection Testscripts - Sanity" tests="18" failures="0" timestamp="2 Dec 2016 10:14:00 GMT" time="264.185" errors="0">
  <testcase name="createCollection" time="13.095" classname="com.wooplr.collection.test.CollectionTestPlan"/>
  <testcase name="createCollection" time="13.611" classname="com.wooplr.collection.test.CollectionTestPlan"/>
  <testcase name="createCollection" time="8.527" classname="com.wooplr.collection.test.CollectionTestPlan"/>
  <testcase name="createCollection" time="9.269" classname="com.wooplr.collection.test.CollectionTestPlan"/>
  <testcase name="createCollection" time="7.118" classname="com.wooplr.collection.test.CollectionTestPlan"/>
  <testcase name="createCollection" time="6.834" classname="com.wooplr.collection.test.CollectionTestPlan"/>
  <testcase name="createCollection" time="6.396" classname="com.wooplr.collection.test.CollectionTestPlan"/>
  <testcase name="deleteCollection" time="13.757" classname="com.wooplr.collection.test.CollectionTestPlan"/>
  <testcase name="getByInvalidCollectionID" time="1.381" classname="com.wooplr.collection.test.CollectionTestPlan"/>
  <testcase name="getCollection" time="7.144" classname="com.wooplr.collection.test.CollectionTestPlan"/>
  <testcase name="updateCollection" time="22.104" classname="com.wooplr.collection.test.CollectionTestPlan"/>
  <testcase name="updateCollection" time="39.423" classname="com.wooplr.collection.test.CollectionTestPlan"/>
  <testcase name="updateCollection" time="19.299" classname="com.wooplr.collection.test.CollectionTestPlan"/>
  <testcase name="updateCollection" time="18.947" classname="com.wooplr.collection.test.CollectionTestPlan"/>
  <testcase name="updateCollection" time="18.802" classname="com.wooplr.collection.test.CollectionTestPlan"/>
  <testcase name="updateCollection" time="18.609" classname="com.wooplr.collection.test.CollectionTestPlan"/>
  <testcase name="updateCollection" time="20.655" classname="com.wooplr.collection.test.CollectionTestPlan"/>
  <testcase name="updateCollection" time="18.827" classname="com.wooplr.collection.test.CollectionTestPlan"/>
</testsuite> <!-- Wooplr_Collection Testscripts - Sanity -->
